<?xml version="1.0" encoding="UTF-8"?>
<!-- Generated by org.testng.reporters.JUnitReportReporter -->
<testsuite skipped="0" hostname="Skillray" name="scripts.Addingproducttocart" tests="1" failures="0" timestamp="2020-04-22T19:05:43 IST" time="39.998" errors="0">
  <testcase name="addingtocart" time="39.998" classname="scripts.Addingproducttocart"/>
</testsuite> <!-- scripts.Addingproducttocart -->
