<?xml version="1.0" encoding="UTF-8"?>
<!-- Generated by org.testng.reporters.JUnitReportReporter -->
<testsuite skipped="0" hostname="Skillray" name="scripts.Deliveryoftheproduct" tests="1" failures="0" timestamp="2020-04-22T19:05:43 IST" time="29.872" errors="0">
  <testcase name="deliveryproduct" time="29.872" classname="scripts.Deliveryoftheproduct"/>
</testsuite> <!-- scripts.Deliveryoftheproduct -->
